0 info it worked if it ends with ok
1 verbose cli [ 'D:\\nodejs\\\\node.exe',
1 verbose cli   'D:\\nodejs\\node_modules\\npm\\bin\\npm-cli.js',
1 verbose cli   'install' ]
2 info using npm@1.2.0
3 info using node@v0.8.17
4 verbose node symlink D:\nodejs\\node.exe
5 verbose read json D:\devroot\distledge\package.json
6 error install Couldn't read dependencies
7 error Error: no version
7 error     at validVersion (D:\nvm\v0.8.17\node_modules\npm\node_modules\read-package-json\read-json.js:580:32)
7 error     at final (D:\nvm\v0.8.17\node_modules\npm\node_modules\read-package-json\read-json.js:342:23)
7 error     at D:\nvm\v0.8.17\node_modules\npm\node_modules\read-package-json\read-json.js:140:33
7 error     at cb (D:\nvm\v0.8.17\node_modules\npm\node_modules\slide\lib\async-map.js:48:11)
7 error     at D:\nvm\v0.8.17\node_modules\npm\node_modules\read-package-json\read-json.js:335:40
7 error     at fs.readFile (fs.js:176:14)
7 error     at fs.close (D:\nvm\v0.8.17\node_modules\npm\node_modules\graceful-fs\graceful-fs.js:90:5)
7 error     at Object.oncomplete (fs.js:297:15)
8 error If you need help, you may report this log at:
8 error     <http://github.com/isaacs/npm/issues>
8 error or email it to:
8 error     <npm-@googlegroups.com>
9 error System Windows_NT 6.2.9200
10 error command "D:\\nodejs\\\\node.exe" "D:\\nodejs\\node_modules\\npm\\bin\\npm-cli.js" "install"
11 error cwd D:\devroot\distledge
12 error node -v v0.8.17
13 error npm -v 1.2.0
14 verbose exit [ 1, true ]
